
> kika-platform@1.0.0 build
> next build

  ▲ Next.js 14.2.35
  - Environments: .env

   Creating an optimized production build ...
Failed to compile.

./app/api/regulator/applications/[id]/documents/route.ts
Error: 
  [31mx[0m 'import', and 'export' cannot be used outside of module code
    ,-[[36;1;4m/Users/ikymasie/Documents/GitHub/KIKA/app/api/regulator/applications/[id]/documents/route.ts[0m:77:1]
 [2m77[0m |         if (!fileUrl.includes('firebasestorage.googleapis.com')) {
 [2m78[0m |             return NextResponse.json({ error: 'Invalid file URL. Must be from Firebase Storage' }, { status: 400 });
 [2m79[0m | 
 [2m80[0m | export const dynamic = 'force-dynamic';
    : [31;1m^^^^^^[0m
 [2m81[0m |         }
 [2m82[0m | 
 [2m83[0m |         // Save to database
    `----

Caused by:
    Syntax Error

Import trace for requested module:
./app/api/regulator/applications/[id]/documents/route.ts


> Build failed because of webpack errors
